<?xml version="1.0" encoding="UTF-8" ?>
<testsuite failures="0" time="0.116" errors="0" skipped="0" tests="1" name="test.java.be.protracker.web.controllers.CoordinatesControllerTest">
  <properties>
    <property name="java.runtime.name" value="Java(TM) SE Runtime Environment"/>
    <property name="sun.boot.library.path" value="/Library/Java/JavaVirtualMachines/jdk1.7.0_45.jdk/Contents/Home/jre/lib"/>
    <property name="java.vm.version" value="24.45-b08"/>
    <property name="user.country.format" value="BE"/>
    <property name="gopherProxySet" value="false"/>
    <property name="java.vm.vendor" value="Oracle Corporation"/>
    <property name="java.vendor.url" value="http://java.oracle.com/"/>
    <property name="path.separator" value=":"/>
    <property name="java.vm.name" value="Java HotSpot(TM) 64-Bit Server VM"/>
    <property name="file.encoding.pkg" value="sun.io"/>
    <property name="user.country" value="NL"/>
    <property name="sun.java.launcher" value="SUN_STANDARD"/>
    <property name="sun.os.patch.level" value="unknown"/>
    <property name="java.vm.specification.name" value="Java Virtual Machine Specification"/>
    <property name="user.dir" value="/Users/joeripeeters/protracker/protracker-server"/>
    <property name="java.runtime.version" value="1.7.0_45-b18"/>
    <property name="java.awt.graphicsenv" value="sun.awt.CGraphicsEnvironment"/>
    <property name="basedir" value="/Users/joeripeeters/protracker/protracker-server"/>
    <property name="java.endorsed.dirs" value="/Library/Java/JavaVirtualMachines/jdk1.7.0_45.jdk/Contents/Home/jre/lib/endorsed"/>
    <property name="os.arch" value="x86_64"/>
    <property name="surefire.real.class.path" value="/Users/joeripeeters/protracker/protracker-server/target/surefire/surefirebooter1664231656403939269.jar"/>
    <property name="java.io.tmpdir" value="/var/folders/k2/xq3kl6cj5c5bh7360fgy0d_00000gn/T/"/>
    <property name="line.separator" value="
"/>
    <property name="java.vm.specification.vendor" value="Oracle Corporation"/>
    <property name="os.name" value="Mac OS X"/>
    <property name="sun.jnu.encoding" value="UTF-8"/>
    <property name="java.library.path" value="/Users/joeripeeters/Library/Java/Extensions:/Library/Java/Extensions:/Network/Library/Java/Extensions:/System/Library/Java/Extensions:/usr/lib/java:."/>
    <property name="surefire.test.class.path" value="/Users/joeripeeters/protracker/protracker-server/target/test-classes:/Users/joeripeeters/protracker/protracker-server/target/classes:/Users/joeripeeters/.m2/repository/javax/servlet/javax.servlet-api/3.0.1/javax.servlet-api-3.0.1.jar:/Users/joeripeeters/.m2/repository/cglib/cglib/3.0/cglib-3.0.jar:/Users/joeripeeters/.m2/repository/org/ow2/asm/asm/4.0/asm-4.0.jar:/Users/joeripeeters/.m2/repository/org/slf4j/slf4j-api/1.7.5/slf4j-api-1.7.5.jar:/Users/joeripeeters/.m2/repository/org/slf4j/slf4j-log4j12/1.7.5/slf4j-log4j12-1.7.5.jar:/Users/joeripeeters/.m2/repository/log4j/log4j/1.2.17/log4j-1.2.17.jar:/Users/joeripeeters/.m2/repository/org/springframework/spring-core/4.0.2.RELEASE/spring-core-4.0.2.RELEASE.jar:/Users/joeripeeters/.m2/repository/commons-logging/commons-logging/1.1.3/commons-logging-1.1.3.jar:/Users/joeripeeters/.m2/repository/org/springframework/spring-context/4.0.2.RELEASE/spring-context-4.0.2.RELEASE.jar:/Users/joeripeeters/.m2/repository/org/springframework/spring-aop/4.0.2.RELEASE/spring-aop-4.0.2.RELEASE.jar:/Users/joeripeeters/.m2/repository/aopalliance/aopalliance/1.0/aopalliance-1.0.jar:/Users/joeripeeters/.m2/repository/org/springframework/spring-beans/4.0.2.RELEASE/spring-beans-4.0.2.RELEASE.jar:/Users/joeripeeters/.m2/repository/org/springframework/spring-expression/4.0.2.RELEASE/spring-expression-4.0.2.RELEASE.jar:/Users/joeripeeters/.m2/repository/org/springframework/spring-web/4.0.2.RELEASE/spring-web-4.0.2.RELEASE.jar:/Users/joeripeeters/.m2/repository/org/springframework/spring-webmvc/4.0.2.RELEASE/spring-webmvc-4.0.2.RELEASE.jar:/Users/joeripeeters/.m2/repository/org/springframework/spring-test/4.0.2.RELEASE/spring-test-4.0.2.RELEASE.jar:/Users/joeripeeters/.m2/repository/org/springframework/data/spring-data-mongodb/1.4.0.RELEASE/spring-data-mongodb-1.4.0.RELEASE.jar:/Users/joeripeeters/.m2/repository/org/springframework/spring-tx/3.2.8.RELEASE/spring-tx-3.2.8.RELEASE.jar:/Users/joeripeeters/.m2/repository/org/springframework/data/spring-data-commons/1.7.0.RELEASE/spring-data-commons-1.7.0.RELEASE.jar:/Users/joeripeeters/.m2/repository/org/mongodb/mongo-java-driver/2.11.4/mongo-java-driver-2.11.4.jar:/Users/joeripeeters/.m2/repository/org/slf4j/jcl-over-slf4j/1.7.6/jcl-over-slf4j-1.7.6.jar:/Users/joeripeeters/.m2/repository/org/codehaus/jackson/jackson-mapper-asl/1.9.13/jackson-mapper-asl-1.9.13.jar:/Users/joeripeeters/.m2/repository/org/codehaus/jackson/jackson-core-asl/1.9.13/jackson-core-asl-1.9.13.jar:/Users/joeripeeters/.m2/repository/junit/junit/4.8.2/junit-4.8.2.jar:"/>
    <property name="java.specification.name" value="Java Platform API Specification"/>
    <property name="java.class.version" value="51.0"/>
    <property name="sun.management.compiler" value="HotSpot 64-Bit Tiered Compilers"/>
    <property name="os.version" value="10.7.5"/>
    <property name="http.nonProxyHosts" value="local|*.local|169.254/16|*.169.254/16"/>
    <property name="user.home" value="/Users/joeripeeters"/>
    <property name="user.timezone" value=""/>
    <property name="java.awt.printerjob" value="sun.lwawt.macosx.CPrinterJob"/>
    <property name="java.specification.version" value="1.7"/>
    <property name="file.encoding" value="US-ASCII"/>
    <property name="user.name" value="joeripeeters"/>
    <property name="java.class.path" value="/Users/joeripeeters/protracker/protracker-server/target/test-classes:/Users/joeripeeters/protracker/protracker-server/target/classes:/Users/joeripeeters/.m2/repository/javax/servlet/javax.servlet-api/3.0.1/javax.servlet-api-3.0.1.jar:/Users/joeripeeters/.m2/repository/cglib/cglib/3.0/cglib-3.0.jar:/Users/joeripeeters/.m2/repository/org/ow2/asm/asm/4.0/asm-4.0.jar:/Users/joeripeeters/.m2/repository/org/slf4j/slf4j-api/1.7.5/slf4j-api-1.7.5.jar:/Users/joeripeeters/.m2/repository/org/slf4j/slf4j-log4j12/1.7.5/slf4j-log4j12-1.7.5.jar:/Users/joeripeeters/.m2/repository/log4j/log4j/1.2.17/log4j-1.2.17.jar:/Users/joeripeeters/.m2/repository/org/springframework/spring-core/4.0.2.RELEASE/spring-core-4.0.2.RELEASE.jar:/Users/joeripeeters/.m2/repository/commons-logging/commons-logging/1.1.3/commons-logging-1.1.3.jar:/Users/joeripeeters/.m2/repository/org/springframework/spring-context/4.0.2.RELEASE/spring-context-4.0.2.RELEASE.jar:/Users/joeripeeters/.m2/repository/org/springframework/spring-aop/4.0.2.RELEASE/spring-aop-4.0.2.RELEASE.jar:/Users/joeripeeters/.m2/repository/aopalliance/aopalliance/1.0/aopalliance-1.0.jar:/Users/joeripeeters/.m2/repository/org/springframework/spring-beans/4.0.2.RELEASE/spring-beans-4.0.2.RELEASE.jar:/Users/joeripeeters/.m2/repository/org/springframework/spring-expression/4.0.2.RELEASE/spring-expression-4.0.2.RELEASE.jar:/Users/joeripeeters/.m2/repository/org/springframework/spring-web/4.0.2.RELEASE/spring-web-4.0.2.RELEASE.jar:/Users/joeripeeters/.m2/repository/org/springframework/spring-webmvc/4.0.2.RELEASE/spring-webmvc-4.0.2.RELEASE.jar:/Users/joeripeeters/.m2/repository/org/springframework/spring-test/4.0.2.RELEASE/spring-test-4.0.2.RELEASE.jar:/Users/joeripeeters/.m2/repository/org/springframework/data/spring-data-mongodb/1.4.0.RELEASE/spring-data-mongodb-1.4.0.RELEASE.jar:/Users/joeripeeters/.m2/repository/org/springframework/spring-tx/3.2.8.RELEASE/spring-tx-3.2.8.RELEASE.jar:/Users/joeripeeters/.m2/repository/org/springframework/data/spring-data-commons/1.7.0.RELEASE/spring-data-commons-1.7.0.RELEASE.jar:/Users/joeripeeters/.m2/repository/org/mongodb/mongo-java-driver/2.11.4/mongo-java-driver-2.11.4.jar:/Users/joeripeeters/.m2/repository/org/slf4j/jcl-over-slf4j/1.7.6/jcl-over-slf4j-1.7.6.jar:/Users/joeripeeters/.m2/repository/org/codehaus/jackson/jackson-mapper-asl/1.9.13/jackson-mapper-asl-1.9.13.jar:/Users/joeripeeters/.m2/repository/org/codehaus/jackson/jackson-core-asl/1.9.13/jackson-core-asl-1.9.13.jar:/Users/joeripeeters/.m2/repository/junit/junit/4.8.2/junit-4.8.2.jar:"/>
    <property name="java.vm.specification.version" value="1.7"/>
    <property name="sun.arch.data.model" value="64"/>
    <property name="java.home" value="/Library/Java/JavaVirtualMachines/jdk1.7.0_45.jdk/Contents/Home/jre"/>
    <property name="sun.java.command" value="/Users/joeripeeters/protracker/protracker-server/target/surefire/surefirebooter1664231656403939269.jar /Users/joeripeeters/protracker/protracker-server/target/surefire/surefire3685203367664157238tmp /Users/joeripeeters/protracker/protracker-server/target/surefire/surefire3175743981351114983tmp"/>
    <property name="java.specification.vendor" value="Oracle Corporation"/>
    <property name="user.language" value="nl"/>
    <property name="awt.toolkit" value="sun.lwawt.macosx.LWCToolkit"/>
    <property name="java.vm.info" value="mixed mode"/>
    <property name="java.version" value="1.7.0_45"/>
    <property name="java.ext.dirs" value="/Users/joeripeeters/Library/Java/Extensions:/Library/Java/JavaVirtualMachines/jdk1.7.0_45.jdk/Contents/Home/jre/lib/ext:/Library/Java/Extensions:/Network/Library/Java/Extensions:/System/Library/Java/Extensions:/usr/lib/java"/>
    <property name="sun.boot.class.path" value="/Library/Java/JavaVirtualMachines/jdk1.7.0_45.jdk/Contents/Home/jre/lib/resources.jar:/Library/Java/JavaVirtualMachines/jdk1.7.0_45.jdk/Contents/Home/jre/lib/rt.jar:/Library/Java/JavaVirtualMachines/jdk1.7.0_45.jdk/Contents/Home/jre/lib/sunrsasign.jar:/Library/Java/JavaVirtualMachines/jdk1.7.0_45.jdk/Contents/Home/jre/lib/jsse.jar:/Library/Java/JavaVirtualMachines/jdk1.7.0_45.jdk/Contents/Home/jre/lib/jce.jar:/Library/Java/JavaVirtualMachines/jdk1.7.0_45.jdk/Contents/Home/jre/lib/charsets.jar:/Library/Java/JavaVirtualMachines/jdk1.7.0_45.jdk/Contents/Home/jre/lib/jfr.jar:/Library/Java/JavaVirtualMachines/jdk1.7.0_45.jdk/Contents/Home/jre/lib/JObjC.jar:/Library/Java/JavaVirtualMachines/jdk1.7.0_45.jdk/Contents/Home/jre/classes"/>
    <property name="java.vendor" value="Oracle Corporation"/>
    <property name="localRepository" value="/Users/joeripeeters/.m2/repository"/>
    <property name="file.separator" value="/"/>
    <property name="java.vendor.url.bug" value="http://bugreport.sun.com/bugreport/"/>
    <property name="sun.cpu.endian" value="little"/>
    <property name="sun.io.unicode.encoding" value="UnicodeBig"/>
    <property name="socksNonProxyHosts" value="local|*.local|169.254/16|*.169.254/16"/>
    <property name="ftp.nonProxyHosts" value="local|*.local|169.254/16|*.169.254/16"/>
    <property name="sun.cpu.isalist" value=""/>
  </properties>
  <testcase time="0.006" classname="test.java.be.protracker.web.controllers.CoordinatesControllerTest" name="testSubmit"/>
</testsuite>